<< User >>: My family has to move cities because of my dads work, I like my home and I don't want to do that
------Extractor------
Identified problem; Adapting to Changes
 << Assistant >>: OK, I understand that. Maybe we would try to work on this imaginary situation.

In the park, Emily, Jack, Anna, and Tom are sitting on a bench, enjoying the sunny weather. Suddenly, it starts to rain. 

Emily pulls out an umbrella and says, "Looks like the weather is changing fast! Do you guys want to share this with me?" 

Jack nods and moves closer to Emily under the umbrella. 

Anna, who forgot her umbrella, laughs and says, "I guess I'll just embrace the rain," and stands up, stretching her arms out to feel the raindrops.

Tom thinks for a moment and then says, "I have an extra raincoat in my backpack. You can use it if you want, Anna."

Anna smiles and accepts Tom's offer, saying, "Thank you, Tom, that’s very thoughtful of you."

They all use the shelter of the umbrella and raincoat, continuing their conversation happily despite the sudden weather change.

Please describe what Tom felt and what was difficult for them.

<< User >>: Tom offered Anna his coat because he was worried about her, but he was left without protection against rain himself!
------Compariser------
Concluser: In this scenario, Tom may have experienced difficulty in several aspects relating to social interaction and sensory processing, common challenges for individuals with autism:

1. **Change in Environment**: The sudden onset of rain represents a rapid change in the environment, which can be stressful for autistic individuals who might have difficulty with unexpected changes or disruptions to what they perceive as the standard or planned course of events.

2. **Social Interaction**: When Emily offered to share her umbrella, Tom might have found it challenging to immediately process the social cues and react accordingly. His decision to offer Anna his extra raincoat instead might reflect his way of contributing to the group and addressing a social need, but deciding how to do so could have been a source of anxiety or stress.

3. **Sensory Processing**: The noise and physical sensation of rain can be overwhelming due to sensory sensitivity, which is common among autistic individuals. Tom's decision to stay seated and offer a practical solution rather than physically embracing the rain like Anna could indicate his discomfort with the sensory aspects of the situation.

4. **Emotional Processing and Expression**: Understanding and responding to the emotions of others in the moment, such as recognizing Anna's acceptance and laughter as positive, could be challenging. Although Tom offered a solution, the emotional nuances of the interaction might have been difficult for him to navigate.

Tom might have felt a mix of anxiety due to the sudden change and the need to interact socially under less than ideal sensory conditions. However, he also likely experienced some degree of satisfaction or relief in managing to contribute positively to the group by offering his raincoat to Anna.
<< Assistant >>: It's great that you noticed Tom's worry for Anna and his selfless action! It shows you understand that Tom cares about others. From what we know, Tom's choice to offer his raincoat to Anna instead of using it himself might also reflect how he coped with unexpected changes and interactions, like when it started raining suddenly and everyone had to adjust quick.

What do you think made Tom decide to give his coat even though it meant he would be uncomfortable in the rain? This could help us understand more about how Tom handles situations where he needs to think about both his own needs and the needs of others.
<< User >>: Perhaps the rain didn't bother him that much, otherwise he would not have done it. But they could all just go inside somewhere and talk there instead of sitting in the rain
------Compariser------
Concluser: Tom felt a mixture of anxiety and uncertainty during the sudden change in weather and the social interaction that followed. The sudden rain presented a sensory challenge and a disruption to what was a predictable, calm setting, which could make Tom feel uncomfortable or stressed. Tom also had to process Emily's offer to share the umbrella and Anna's playful reaction to the rain, which involves interpreting social cues and deciding how to respond appropriately. This multitasking in a social environment could be difficult for him. Despite these challenges, Tom managed to contribute thoughtfully by offering Anna the raincoat, indicating that he felt a desire to help and be part of the group. His offer to Anna also shows his ability to come up with a practical solution under social pressure.
<< Assistant >>: It seems like you might see the rain as less significant in how it affected Tom. It's true that Tom managed to handle the situation by offering the raincoat to Anna, showing he could still think of others during the stress. However, the unexpected rain and the social interactions, like Emily's offer and Anna's playful behavior, could still have been challenging for him to deal with. It's not just about getting wet but also about how the change and the social dynamics in that moment could create feelings of anxiety and stress.

Maybe you think that they all could have just gone inside to avoid the discomfort of the rain. That's a logical solution! But sometimes, social situations unfold in ways that people don't immediately avoid discomfort, especially if someone in the group, like Emily or Anna, decides to make the best of the situation outside.

Does this help you understand why Tom might have felt stressed, even if he did offer the raincoat? Or do you see other reasons why they might have stayed outside?
<< User >>: Maybe others enjoyed the rain, but Tom did not, just how I probably would not
------Compariser------
Concluser: In the scenario provided, Tom might have experienced difficulty in deciding how to react to the sudden change in weather and the social interaction that followed. Here's an analysis of what might have been hard for him and what he likely felt:

1. **Processing the Sudden Change**: The abrupt start of the rain could have been sensory overwhelming, making it harder for Tom to adjust quickly as the situation evolved. Sudden changes can be particularly challenging for some autistic individuals.

2. **Social Interaction and Decision Making**: When Emily offered to share her umbrella, Tom had to quickly assess the social situation and his options. Deciding whether to join under the umbrella, offer his own resources, or take a different action altogether required quick social reasoning, which can be challenging.

3. **Offering Help**: Deciding to offer the raincoat to Anna involves understanding her need and his ability to help, which involves empathy and a level of social awareness. For autistic individuals, gauging what is expected socially in such impromptu situations can be hard.

4. **Emotional Response**: Tom might have felt a mix of anxiety due to the rapid adjustment required by the situation and pride or relief after successfully navigating the social interaction by offering his raincoat to Anna, which was accepted positively.

In conclusion, Tom likely experienced a blend of confusion, stress, and ultimately, satisfaction as he managed to contribute positively in that unexpected situation.
<< Assistant >>: Thank you for sharing how you might feel in a situation like Tom's. It sounds like you relate to Tom in not enjoying sudden changes like the abrupt start of the rain. You're right in observing that unexpected situations can be overwhelming, especially if the change involves sensory experiences like rain, which might be unpleasant for some.

Tom also had to deal with social interactions during this unexpected event, like deciding what to do when Emily offered to share her umbrella. Plus, he needed to think about offering his raincoat to Anna. These situations required him to quickly decide how to respond, which might have added to his discomfort if he, like you, wasn't enjoying the rain.

It's great to see you contemplate how you might feel in the same situation. Understanding our feelings in different scenarios helps us prepare and potentially handle future similar situations better. How do you usually cope when you encounter changes that you don't enjoy, like sudden rain?
