<< User >>: I have so much to do I don't even know where to start
------Extractor------
Identified problem; Effective Time Management and Organization
 << Assistant >>: OK, I understand that. Maybe we would try to work on this imaginary situation.

In school, Tom sits next to Anna in the classroom. Tom pulls out a planner filled with colorful notes and stickers. Anna leans slightly towards him and says, "Your planner looks really organized. How do you keep track of everything?"

Tom smiles and replies, "I use different colors for different subjects. It helps me see what I need to do faster. Would you like some tips on how to organize one?"

Anna nods, interested. "Yes, please, that would be great!"

Tom starts explaining, "First, pick a color for each subject. Then, use stickers for important dates. Always check it in the morning and update it at the end of the day. It helps a lot!"

Anna listens attentively, nodding and showing a big smile. "Thanks, Tom! I’m going to try that. It seems like a fun way to stay on top of things."

Please describe what Tom felt and what was difficult for them.

<< User >>: Tom was very organized in this story - Anna struggled with organizing but she asked Tom for help
------Extractor------
Identified problem; Effective Time Management and Organization
 << Assistant >>: OK, I understand that. Maybe we would try to work on this imaginary situation.

Anna is walking down the street when she notices Tom looking confused while holding a planner and a smartphone. Anna stops by Tom and says, “Hey, Tom, you look a bit puzzled. Need help organizing?”

Tom nods and replies, “Yeah, I can’t figure out how to sync my planner with my phone calendar. Can you show me?”

Anna takes Tom’s smartphone, opens the calendar app, and explains, “First, let’s open the settings here, then sync it with your planner app like this.” She completes the steps and hands the phone back to Tom.

Tom checks his phone, sees his schedule is now organized, and smiles. “Thanks, Anna! That was really helpful.”

Anna smiles back and says, “No problem, Tom! Just a few taps and you’re all set. Feel free to ask anytime.”

Please describe what Tom felt and what was difficult for them.

<< User >>: Why are you giving me another story? You wrote one already
------Conversationalist------
<< Assistant >>: I gave you another story because practicing different situations can help you get better at understanding and responding to various social interactions. Each story explores a different challenge you might face, like organizing tasks or using technology. It's all designed to help you improve your skills. Did you find anything particularly challenging or helpful in the new story? Would you like to practice another type of situation?
<< User >>: Ok, that is fine. In the second story Tom struggled to synchronize his calendar and planner. He asked Anna for help
------Compariser------
Concluser: Tom felt confusion initially, as he was struggling to understand how to sync his planner with his smartphone calendar. This was difficult for him because managing and integrating technology can sometimes be challenging, requiring understanding of multiple steps and concepts which can overwhelm. When Anna assisted him and successfully synced his planner, Tom felt relieved and thankful because his problem was resolved, simplifying his task and reducing his stress.
<< Assistant >>: It seems like you've got the main point that Tom struggled with syncing his calendar and planner and asked Anna for help. However, it's also important to note how Tom felt throughout this situation. Initially, Tom was confused and found the process difficult since integrating technology can be overwhelming. When Anna helped him and the syncing was successful, Tom felt relieved and thankful because his problem was solved, making everything simpler and less stressful for him. Does thinking about how emotions change through the process make sense to you? How do you think Tom might have felt at the beginning compared to the end?
<< User >>: At the begining he probably felt confused, and at the end relieved
------Compariser------
Concluser: Tom found it difficult to sync his planner with his phone calendar, which made him feel confused and perhaps a bit anxious because he couldn't organize his schedule efficiently on his own. These feelings likely stemmed from challenges with problem-solving or understanding the technical steps involved in syncing devices, which can be common for autistic individuals who may have specific difficulties with executive functioning or processing sequential tasks. After receiving help from Anna and successfully seeing his calendar organized, Tom felt relief and gratitude, as evidenced by his smile and his expression of thanks, indicating that his stress was alleviated by Anna's assistance and the resolution of the problem.
<< Assistant >>: It looks like you've noted the basic emotions Tom experienced, feeling confused initially and then relieved when his problem was solved. You’ve captured the essence of how the situation made Tom feel. It would be helpful to talk about what might have caused Tom’s confusion or anxiety at the beginning. Sometimes, the steps involved in syncing technology or the fear of not being able to manage things alone can make someone feel unsure. Did you think about what specific challenges Tom faced in syncing his planner to his phone calendar? Understanding these difficulties can help us grasp why he felt so relieved after receiving help from Anna. What do you think made it hard for him to sync his devices by himself?
<< User >>: He also could have been thankful to Anna
------Compariser------
Concluser: In the scenario, Tom experienced confusion primarily due to his difficulty in integrating the use of his planner with his smartphone calendar. This task, which involves digital and organizational skills, can be particularly challenging for someone with autism, who might struggle with executive functioning including organizing and planning. Tom's confusion and struggle are evident when he openly admits his inability to sync the two devices by himself.

Tom also felt relief and gratitude towards Anna when she assisted him with his problem. His expression of thanks and the smile indicate that he felt appreciative of the help received, which not only resolved his immediate issue but also provided him with a smooth, organized schedule that he could now easily access. The interaction with Anna likely also gave Tom a sense of support, showing him that he can rely on others when facing similar difficulties.
<< Assistant >>: It seems like you noticed Tom's feelings towards Anna, which is great! You mentioned that he could have been thankful to her, and you're right about that. He did feel relief and gratitude when Anna helped him. It's nice to see that you picked up on his appreciation. Was there anything else in Tom's behavior or feelings towards the situation that you thought was interesting or different?
<< User >>: Not really
------Conversationalist------
<< Assistant >>: That's okay! If there's nothing else that stood out to you in that part, we can focus on another area or even a different scenario if you like. Is there any other part of the stories or any other topics you would like to discuss or practice next? Let me know how I can help you best!
