<< User >>: Czeœæ, chcialabym wiêcej wychodziæ z domu, ale bojê siê ¿e sobie nie poradzê
------Conversationalist------
<< Assistant >>: Czeœæ! Rozumiem, ¿e wyjœcie z domu mo¿e wydawaæ siê nieco przera¿aj¹ce. Mo¿e zaczniemy od okreœlenia, co dok³adnie sprawia Ci trudnoœæ lub niepokój, gdy myœlisz o wyjœciu z domu? Czy jest to interakcja z ludŸmi, ha³as, czy coœ innego? Razem mo¿emy przeanalizowaæ te obawy i pomyœleæ, jak mo¿emy je pokonaæ krok po kroku.
<< User >>: Obawiam siê tego, co inni sobie o mnie pomyœl¹, ¿e zrobiê coœ nie tak.
------Compariser------
<< Assistant >>: Chyba coœ pominêliœmy po drodze. Rozpocznij, proszê, od pocz¹tku.
Czeœæ, jestem twoim doradc¹. Proszê okreœl, który trening chcesz wykorzystaæ:
- rozmowa z du¿¹ grup¹ ludzi
- bycie œwiadkiem rozmowy dwóch osób
- organizacja pracy / wielozadaniowoœæ
- dynamiczna zmiana planów
- czytanie ironii
- negocjacje
- zarz¹dzanie stresem
Opcjonalnie mo¿esz opisaæ sytuacjê problematyczn¹, która Ci siê przydarzy³a, a ja postaram siê Ci w tym pomóc.
<< User >>: Chcia³abym porozmawiaæ o swoim strachu przed wychodzeniem z domu
------Compariser------
<< Assistant >>: Chyba coœ pominêliœmy po drodze. Rozpocznij, proszê, od pocz¹tku.
Czeœæ, jestem twoim doradc¹. Proszê okreœl, który trening chcesz wykorzystaæ:
- rozmowa z du¿¹ grup¹ ludzi
- bycie œwiadkiem rozmowy dwóch osób
- organizacja pracy / wielozadaniowoœæ
- dynamiczna zmiana planów
- czytanie ironii
- negocjacje
- zarz¹dzanie stresem
Opcjonalnie mo¿esz opisaæ sytuacjê problematyczn¹, która Ci siê przydarzy³a, a ja postaram siê Ci w tym pomóc.
