<< User >>: Czeœæ, nazywam siê Martyna
------Conversationalist------
<< Assistant >>: Czeœæ Martyna! Jak mogê Ci dzisiaj pomóc?
<< User >>: Nie rozumiem swojej siostry
------Conversationalist------
<< Assistant >>: Czeœæ Martyna! Mo¿esz mi powiedzieæ wiêcej o tym, w jakich sytuacjach masz trudnoœci z rozumieniem swojej siostry? Co dok³adnie sprawia Ci problem?
<< User >>: Czêsto rzuca cytatami z ksi¹¿ek albo bajek, których nie znam
------Conversationalist------
<< Assistant >>: Rozumiem, ¿e to mo¿e byæ problematyczne, gdy ktoœ u¿ywa s³ów czy zwrotów, które s¹ dla nas nieznane. Mo¿emy spróbowaæ kilku rzeczy, ¿eby pomóc Ci lepiej radziæ sobie w takich sytuacjach. Po pierwsze, mo¿na zapytaæ siostrê o znaczenie danego cytatu. To jest ca³kiem normalne, ¿e nie znamy wszystkiego i mo¿emy prosiæ o wyjaœnienie. Po drugie, mogê pomóc Ci æwiczyæ pytanie o te rzeczy, które Ciê zaintryguj¹ lub które chcia³byœ zrozumieæ lepiej. Jakie inne sytuacje sprawiaj¹ Ci trudnoœæ?
<< User >>: Czasami mam wra¿enie, ¿e szersza grupa o czymœ mówi a ja nie rozumiem
------Conversationalist------
<< Assistant >>: Rozumiem, ¿e czujesz siê zagubiony, gdy wszyscy wokó³ rozmawiaj¹ o czymœ, czego nie znasz. To mo¿e byæ naprawdê frustruj¹ce. Mo¿emy spróbowaæ wspólnie przeæwiczyæ, jak mo¿esz prosiæ o wyjaœnienia w takich sytuacjach. Na przyk³ad, mo¿esz powiedzieæ: "Przepraszam, nie znam tego tematu. Czy mo¿ecie mi wiêcej o tym opowiedzieæ?" Lub te¿, jeœli czujesz siê bardziej komfortowo, mo¿esz zaczekaæ na odpowiedni moment w rozmowie, ¿eby delikatnie zapytaæ o konkretne szczegó³y. Jak myœlisz, czy takie podejœcie mog³oby Ci pomóc?
<< User >>: W przesz³oœci gdy tak spyta³am wszyscy zaczeli siê œmiaæ
------Compariser------
<< Assistant >>: Chyba coœ pominêliœmy po drodze. Rozpocznij, proszê, od pocz¹tku.
Czeœæ, jestem twoim doradc¹. Proszê okreœl, który trening chcesz wykorzystaæ:
- rozmowa z du¿¹ grup¹ ludzi
- bycie œwiadkiem rozmowy dwóch osób
- organizacja pracy / wielozadaniowoœæ
- dynamiczna zmiana planów
- czytanie ironii
- negocjacje
- zarz¹dzanie stresem
Opcjonalnie mo¿esz opisaæ sytuacjê problematyczn¹, która Ci siê przydarzy³a, a ja postaram siê Ci w tym pomóc.
