<< User >>: Bardzo chcia³abym pojechaæ na wycieczkê szkoln¹, ale moja mama uwa¿a, ¿e sobie nie poradzê
------Extractor------
Rozpoznany problem: Samorzecznictwo i asertywnoœæ
 << Assistant >>: Okej, rozumiem. Mo¿e spróbujemy popracowaæ nad t¹ zmyœlon¹ sytuacj¹.

Tomek podchodzi do huœtawki i widzi, ¿e Ola ju¿ na niej siedzi.

Tomek mówi: "Czeœæ Ola, czy mogê siê pobujaæ, kiedy skoñczysz?"
Ola odpowiada, patrz¹c na Tomka: "Pewnie, jeszcze chwilê potrwa."
Kuba stoi obok i obserwuje, jak rozmawiaj¹.

Po kilku minutach Ola wstaje i mówi do Tomka: "Twoja kolej."
Tomek siada na huœtawce i uœmiecha siê do Oli, a Kuba patrzy, jak Tomek zaczyna siê bujaæ.

Opisz, proszê, co czuje Tomek i co jest trudne dla tej osoby.

<< User >>: Tomek chcia³ siê pohuœtaæ na huœtawce, wiêc poprosi³ o to Olê. Ale jak to ma mi pomóc z przekananiem mamy, ¿eby pozwoli³a mi pojechaæ na wycieczkê?
------Compariser------
Concluser: W tej sytuacji, Tomek móg³ czuæ kilka rzeczy:

1. Niepewnoœæ – Gdy Tomek podszed³ do huœtawki i zobaczy³, ¿e Ola ju¿ na niej siedzi, mog³o to wywo³aæ poczucie niepewnoœci, poniewa¿ musia³ poprosiæ o mo¿liwoœæ korzystania z huœtawki po niej. Czasami osoby autystyczne mog¹ mieæ trudnoœci z inicjowaniem interakcji spo³ecznych lub wyra¿aniem swoich potrzeb.
   
2. Napiêcie oczekiwania – Oczekiwanie, a¿ Ola skoñczy huœtanie siê, mog³o wywo³aæ u Tomka napiêcie. Niektóre osoby na spektrum autyzmu mog¹ doœwiadczaæ wiêkszej anksjalnoœci podczas oczekiwania, zw³aszcza w sytuacjach spo³ecznych.

3. Ulga i radoœæ – Gdy Ola w koñcu powiedzia³a "Twoja kolej" i Tomek usiad³ na huœtawce, to prawdopodobnie czu³ ulgê i radoœæ, ¿e mo¿e w koñcu robiæ to, na co czeka³.

Dla Tomka trudnoœci mog³y równie¿ wynikaæ z koniecznoœci interpretowania sygna³ów spo³ecznych i dostrajania siê do emocji i intencji innych osób (Oli w tym przypadku), co jest czêsto wyzwaniem dla osób autystycznych.
<< Assistant >>: Zrozumiem Twoje pytanie. Wydaje siê, ¿e chcia³byœ porównaæ sytuacjê Tomka z Twoj¹ sytuacj¹, gdzie chcesz przekonaæ mamê do pozwolenia Ci na wycieczkê. Chocia¿ te dwie sytuacje mog¹ wydawaæ siê ró¿ne, maj¹ pewne wspólne elementy, które mog¹ Ci pomóc.

Tomek musia³ przezwyciê¿yæ swoje obawy przed inicjowaniem interakcji i wyra¿aniem swoich potrzeb, co jest podobne do tego, czego Ty mo¿esz doœwiadczaæ, próbuj¹c przekonaæ mamê. Mo¿esz nauczyæ siê od Tomka, jak spokojnie i jasno komunikowaæ swoje oczekiwania. Tomek pokaza³, ¿e warto wyraziæ swoje potrzeby mimo pocz¹tkowej niepewnoœci.

Podobnie jak Tomek oczekiwa³ na swoj¹ kolej na huœtawce, Ty równie¿ mo¿esz potrzebowaæ wykazaæ trochê cierpliwoœci, gdy próbujesz przekonaæ mamê. Wartoœæ cierpliwoœci w oczekiwaniu na odpowiedzi mo¿na przekszta³ciæ na wartoœæ cierpliwoœci w przekonywaniu.

Na koniec, gdy Tomek dosta³ to, czego chcia³ (mo¿liwoœæ huœtania siê), poczu³ ulgê i radoœæ. Mo¿e to przypomnieæ Ci, ¿e choæ czasami negocjacje mog¹ byæ trudne i stresuj¹ce, ostateczny sukces mo¿e przynieœæ ogromne poczucie zadowolenia i radoœci.

Czy móg³byœ spróbowaæ u¿yæ tych strategii podczas rozmowy z mam¹? Na przyk³ad jasno wyra¿aj¹c swoje pragnienia, wykazuj¹c cierpliwoœæ i przygotowuj¹c siê na ró¿ne odpowiedzi, co mo¿e pomóc w lepszym przekazaniu Twojej proœby.
<< User >>: Próbowa³am jej jasno wyjaœniæ, ¿e to dla mnie wa¿ne, ale ona mówi ¿e nie jestem jeszcze gotowa by spaæ sama w nowym miejscu
------Compariser------
Concluser: Dla Tomka trudnoœci mog³y wyst¹piæ w kilku momentach tej sytuacji. Po pierwsze, inicjowanie rozmowy z Ol¹ i proœba o mo¿liwoœæ skorzystania z huœtawki po niej mog³y byæ dla niego stresuj¹ce. Osoby autystyczne mog¹ mieæ trudnoœci z komunikacj¹ spo³eczn¹ i negocjacjami u¿ywaj¹cymi mowy potocznej. Po drugie, obecnoœæ Kuby, który obserwowa³ rozmowê i interakcje, mog³a dodatkowo wywo³aæ uczucie dyskomfortu czy niepewnoœci, poniewa¿ obecnoœæ dodatkowej osoby wprowadza wiêcej zmiennych spo³ecznych do sytuacji.

Co do uczuæ Tomka, móg³ on czuæ siê zestresowany lub niepewny podczas czekania na swoj¹ kolej i inicjowania interakcji. Nastêpnie, kiedy ju¿ móg³ skorzystaæ z huœtawki, uczucie ulgi i radoœci mog³o byæ dla niego wyraŸne, co widaæ by³o po uœmiechu do Oli, co sugeruje przejœcie od poczucia stresu do bardziej pozytywnego stanu emocjonalnego.
<< Assistant >>: Rozumiem, ¿e opisujesz sytuacjê, w której próbowa³aœ wyraziæ swoje uczucia i potrzeby. Wydaje siê, ¿e ta sytuacja zwi¹zana jest z wyra¿eniem swoich emocji i potrzeb, co jest podobne do opisu terapeuty, gdzie Tomek stara³ siê komunikowaæ swoje potrzeby w spo³ecznym kontekœcie. Jednak w Twoim przypadku, problem dotyczy gotowoœci do samodzielnego spania w nowym miejscu, a nie inicjowania rozmowy czy negocjacji o kolejnoœæ na huœtawce. To, ¿e czujesz siê niegotowa sprawia, ¿e sytuacja jest dla Ciebie stresuj¹ca.

W Twoim przypadku, mo¿emy zauwa¿yæ, ¿e komunikacja Twoich potrzeb nie spotka³a siê z oczekiwanym zrozumieniem, co mo¿e wywo³aæ uczucie frustracji czy niepewnoœci. Czy mo¿esz podzieliæ siê wiêcej szczegó³ami na temat tej sytuacji? Jak reagowa³a osoba, z któr¹ rozmawia³aœ? Pomog³oby mi to lepiej zrozumieæ Twoje uczucia i pomóc Ci znaleŸæ najlepsze rozwi¹zanie.
<< User >>: Czujê siê gotowa spaæ poza domem na wycieczce szkolnej. Ale moja mama nie chce mi pozwoliæ spróbowaæ. Jak mogê j¹ przekonaæ
------Compariser------
Concluser: W tej sytuacji, Tomek móg³ mieæ problemy z kilkoma rzeczami. Przede wszystkim, oczekiwanie na swoj¹ kolej mog³o byæ dla niego trudne. Osoby autystyczne czêsto mog¹ czuæ siê zaniepokojone lub niepewne, gdy musz¹ czekaæ, zw³aszcza gdy nie maj¹ precyzyjnie okreœlonego czasu, kiedy coœ siê wydarzy. Niepewnoœæ, kiedy dok³adnie bêdzie móg³ zacz¹æ korzystaæ z huœtawki, mog³a wywo³aæ u niego niepokój lub frustracjê.

Dodatkowo, interakcja z Ol¹ i koniecznoœæ porozumiewania siê w sytuacji spo³ecznej mog³a byæ dla Tomka wyzwaniem. Komunikacja interpersonalna i zrozumienie spo³ecznych sygna³ów mog¹ byæ trudne dla osób z autyzmem, co mo¿e prowadziæ do poczucia stresu lub napiêcia.

Co do uczuæ Tomka, podczas gdy pocz¹tkowo móg³ czuæ siê niepewnie lub zestresowany z powodu oczekiwania i interakcji, uœmiech na koñcu wskazuje, ¿e móg³ poczuæ radoœæ i satysfakcjê, kiedy w koñcu przysz³a jego kolej. Ta pozytywna zmiana emocji mog³a byæ wynikiem poczucia ulgi, ¿e mo¿e w koñcu robiæ to, na co czeka³, oraz z powodu udanej spo³ecznej interakcji z Ol¹.
<< Assistant >>: Rozumiem Twoje uczucie gotowoœci i chêæ spróbowania czegoœ nowego jak nocowanie poza domem podczas wycieczki szkolnej. To mo¿e byæ prawdziwa przygoda! Jeœli chcesz przekonaæ swoj¹ mamê, warto jest porozmawiaæ z ni¹ szczególnie spokojnie i wyraŸnie wyjaœniæ, dlaczego czujesz siê na to gotowa. Mo¿esz wspomnieæ o tym, jakie œrodki bezpieczeñstwa s¹ zapewnione na wycieczce, oraz jak to dla Ciebie wa¿ne. Wyjaœnienie jej swoich emocji i myœli mo¿e pomóc jej zrozumieæ Twoje stanowisko.

Czy rozwa¿a³aœ tak¿e przedyskutowanie z ni¹ mo¿liwoœci zamówienia dodatkowych œrodków wsparcia na wycieczce, które mog³yby sprawiæ, ¿e poczu³aby siê bardziej komfortowo z Twoim wyjazdem? Mo¿e jej to daæ wiêksze poczucie kontroli i bezpieczeñstwa.
<< User >>: To dobry pomys³ - czasami rodzice mog¹ pojechaæ jako pomoc nauczyciela. Gdyby siê zgodzi³a tak pojechaæ to mo¿e by siê zgodzi³a
------Compariser------
Concluser: Tomek czu³ siê prawdopodobnie zaniepokojony podczas czekania na swoj¹ kolej na huœtawce. Byæ mo¿e obserwacja interakcji innych osób wywo³a³a w nim uczucie stresu lub niepokoju, poniewa¿ ka¿da nowa sytuacja spo³eczna mo¿e byæ dla niego wyzwaniem. Zmiana tak prosta jak przejêcie huœtawki po kimœ innym mog³a wydawaæ siê trudna ze wzglêdu na potrzebê interpretacji spo³ecznych sygna³ów i odpowiedniego reagowania. Ponadto, obecnoœæ Kuby, który obserwowa³ sytuacjê, mog³a zwiêkszyæ jego poczucie napiêcia, gdy¿ mo¿e by³ œwiadomy dodatkowej obserwacji. Jednak¿e, uœmiech do Oli na koñcu mo¿e wskazywaæ, ¿e mimo pocz¹tkowej niepewnoœci czu³ siê szczêœliwy, ¿e móg³ w koñcu korzystaæ z huœtawki.
<< Assistant >>: Wygl¹da na to, ¿e twój opis sytuacji jest nieco inny ni¿ opisane przeze mnie sytuacji w parku z Tomkiem. Mo¿esz opowiedzieæ wiêcej na temat sytuacji, o której wspominasz? Czy chodzi³o o wyjazd w jakimœ kontekœcie szkolnym lub edukacyjnym? Ka¿dy szczegó³ pomo¿e mi lepiej zrozumieæ, co chcia³byœ przekazaæ.
<< User >>: Nie chcê rozmawiaæ o sytuacji z Tomkiem i ju¿ kilka razy opisa³am Ci swoj¹ historiê!
------Compariser------
Concluser: Tomek móg³ czuæ siê niepewnie w trakcie podejmowania interakcji z Ol¹, poniewa¿ osoby autystyczne mog¹ mieæ trudnoœæ z inicjowaniem rozmów i interpretowaniem reakcji spo³ecznych. Mog³o byæ dla niego stresuj¹ce zastanawianie siê, czy jego proœba zostanie dobrze przyjêta. Tomek móg³ równie¿ odczuwaæ lêk przed spo³eczn¹ ocen¹ lub odrzuceniem ze strony Kuby, który obserwowa³ sytuacjê. Ponadto, czekanie na zmianê kolejki mog³o wywo³aæ u niego poczucie niepokoju, zwi¹zane z trudnoœci¹ w radzeniu sobie z oczekiwaniem i niepewnoœci¹ wynikaj¹c¹ z przewidywania, jak d³ugo jeszcze musi poczekaæ.
<< Assistant >>: Rozumiem, ¿e rozmowa o tej sytuacji mo¿e byæ dla Ciebie trudna i wydaje siê, ¿e ju¿ kilka razy próbowa³aœ wyraziæ swoje uczucia na ten temat. Jeœli otwieranie tego tematu sprawia Ci dyskomfort, mo¿emy spróbowaæ skupiæ siê na innych kwestiach, które Ciê interesuj¹ lub dotykaj¹. Czy jest coœ innego, co chcia³byœ poruszyæ lub omówiæ? Mo¿emy tak¿e wróciæ do innych aspektów Twojej historii, które jeszcze nie by³y wystarczaj¹co omówione.
