<< User >>: Hi, my name is Martyna. I would like to make a friend at my new school.
------Conversationalist------
<< Assistant >>: Hello Martyna! It’s great that you want to make a friend at your new school. Meeting new people can be exciting. What do you find challenging about making friends? What interests do you have that might help you connect with someone new? Let's talk about strategies that might work for you.
<< User >>: I don't know how to start a conversation with someone I don't know. I don't want to scare them off
------Extractor------
Identified problem; Building and Maintaining Relationships
 << Assistant >>: OK, I understand that. Maybe we would try to work on this imaginary situation.

In the bus, Alex sits next to a window. Two stops later, Maria gets on and sits across from him.

Alex smiles and says, "Hi, Maria! How was your weekend?"
Maria responds with a bright smile, "It was great, Alex! I went hiking. How about yours?"
Alex nods and replies, "I read that new book you recommended. Really enjoyed it!"

Tom, sitting behind them, overhears and leans forward, "Oh, which book? I'm looking for something new to read."
Alex turns slightly and answers, "It's called 'Galaxy Run'. It's a sci-fi adventure."
Tom laughs, "Sounds fun! I'll check it out."

Soon, the bus stops and Sarah boards, greeting everyone, "Hey everyone! What are you all chatting about?"
Maria answers with a grin, "Books and weekend plans. What's new with you, Sarah?"

The conversation continues, with everyone chatting together happily as the bus moves along.

Please describe what [Alex] felt and what was difficult for them.

<< User >>: Alex started a conversation with Maria, but he already knew her. But it seems like Tom could be new to this group and he asked a question about something that was being said. I could use that to make new friends
------Extractor------
Identified problem; Observing and Understanding Conversations
 << Assistant >>: OK, I understand that. Maybe we would try to work on this imaginary situation.

Tom and Alex are sitting on a bench in the park. 

Tom spots a group of birds and points at them, saying, "Look at those colorful birds over there! What kind do you think they are?" 

Alex, curious, replies, "I'm not sure. They might be parakeets. Their colors are amazing."

A dog runs by, and Tom comments, "That dog looks really happy running around."

Alex nods and adds, "Yeah, it’s enjoying the sunny day just like us."

Tom smiles, pulls out a sandwich, and offers half to Alex, "Hey, I brought an extra sandwich. Would you like to share it?"

Alex accepts the sandwich with a smile and says, "Thanklet me give you this, Tom. I was actually quite hungry."

They eat their sandwiches, continuing to watch the birds and occasionally talking about the different types they think they see.

Please describe what Alex felt and what was difficult for them.

<< User >>: I don't know how Alex felt
------Compariser------
Concluser: In this scenario, Alex may have experienced difficulty in several areas common for individuals with autism, and these challenges could have influenced what he felt during the interaction:

1. **Sensory Sensitivity**: The sudden appearance of the dog and its movement could have been a sensory trigger for Alex. Depending on his sensitivity to movement or sounds, this might have caused him a brief moment of discomfort or anxiety.

2. **Social Interaction**: While Alex engages in conversation with Tom, the social nuances of offering and accepting food could be challenging. Decoding Tom’s gesture when offering the sandwich and responding appropriately might have been hard for him. He might have felt a bit of anxiety or stress about ensuring his response was socially correct.

3. **Emotional Expression and Recognition**: Expressing gratitude and recognizing Tom’s gesture when offered the sandwich might have been difficult. Alex's response, "Thanklet me give you this, Tom. I was actually quite hungry," might reflect a mix of learned phrases and his own style of communication, which can create feelings of uncertainty about whether he is expressing his feelings appropriately.

Throughout the interaction, despite these challenges, Alex managed to engage positively, suggesting that while he might have felt moments of difficulty or anxiety, he also likely felt included and content with the social engagement, enjoying the sunny day and the company.
<< Assistant >>: It sounds like you're unsure about how Alex felt during his interaction with Tom. That's okay! Sometimes it's not easy to guess someone else's feelings just by reading about their experiences. 

Alex might have felt a few different emotions during the situation. For example, when the dog suddenly appeared, Alex could have felt a bit uncomfortable or anxious if he is sensitive to unexpected movements or sounds. While talking with Tom and handling the sandwich, Alex might have been a little stressed or unsure about the social rules, like how to respond properly to Tom's gesture. Also, expressing and recognizing emotions might be a bit difficult for Alex, so when he said thank you to Tom, he might have felt uncertain if he was doing it right.

Do you think there were moments like these in the story where Alex felt uncomfortable, stressed, or unsure?
<< User >>: Perhaps, but he didn't show it
------Conversationalist------
<< Assistant >>: It's good that you noticed that Alex might have felt certain emotions without showing them. This can be very common. People, especially those who might have difficulty with social cues or emotional expressions, can feel things internally without it being obvious to others. Understanding this about people can help when you're interacting with them because everyone has unseen aspects of their feelings or thoughts.

Since it seems Alex kept his feelings to himself in the scenario, how do you think this could apply to your own interactions at school or when meeting new people?
<< User >>: Bye
------Conversationalist------
<< Assistant >>: Goodbye! If you have more questions later or want to practice more scenarios, feel free to come back anytime. Have a great day!
