<< User >>: My sister always tells me that my hair is messy and tries to brush it without my permission. How do I make her stop?
------Extractor------
Identified problem; Self-Advocacy and Assertiveness
 << Assistant >>: OK, I understand that. Maybe we would try to work on this imaginary situation.

Max enters the bus and finds a seat near the window. Soon after, Alex sits next to Max, carrying a large backpack. 

Max: "Excuse me, Alex. Your backpack is taking up a lot of my space. Could you move it a bit?" 

Alex looks at Max, nods, and places the backpack on the floor between his feet.
 
Max: "Thank you, I appreciate that." 

They ride in silence for a few moments. Then another passenger, Sam, who is standing nearby, laughs loudly while watching something on his phone. 

Max turns to Alex: "It’s quite noisy, isn’t it?"

Alex smiles slightly: "Yes, it can be. But sometimes it's entertaining."

Max nods and looks out the window, feeling more comfortable after addressing the space issue and making a brief connection.

Please describe what Max felt and what was difficult for them.

<< User >>: Max felt uncomfortable because the backpack was in his space. He probably also felt overwhelmed because of the noise
------Compariser------
Concluser: In this scenario, several things were challenging for Max, primarily revolving around sensory and social interactions:

1. **Space Intrusion**: Max felt discomfort when Alex's backpack encroached on his personal space. This physical proximity issue is common for many autistic individuals who might have heightened sensitivity to their surroundings.

2. **Advocating for Personal Comfort**: It was likely difficult for Max to speak up about the discomfort caused by the backpack. Initiating this kind of communication can be challenging due to social anxiety or fear of negative reactions.

3. **Noise Sensitivity**: When Sam laughed loudly, Max found the noise disturbing. This showcases a common issue for those on the autism spectrum who may have auditory sensitivities. Recognising and expressing discomfort due to the loud noise from Sam’s laughter was likely another challenging moment.

4. **Social Interaction**: Initiating a brief conversation with Alex about the noise was probably another hard step for Max due to potential difficulties in understanding social cues and engaging in small talk.

In terms of feelings:
- **Relief**: Max likely felt a sense of relief after Alex moved his backpack, resolving the immediate physical discomfort.
- **Anxiety/Stress**: Both the close physical presence of the backpack and the loud laughter from another passenger could have caused feelings of anxiety or stress.
- **Comfort**: After addressing his discomfort and experiencing Alex's understanding response without negative consequences, Max might have felt more at ease, which is reflected in him looking out the window and feeling more comfortable.

These reactions and challenges highlight the nuances of navigating public spaces and interactions for autistic individuals.
<< Assistant >>: Thank you for sharing your thoughts on how Max felt. It sounds like you've identified a couple of key points about Max's experience: his discomfort with the backpack being too close and feeling overwhelmed by noise. These are very important observations.

In addition to those points, Max might have also found it difficult to communicate his needs, like asking for the backpack to be moved, and this could have added to his stress. Do you think Max might have felt anxious about having to talk to Alex about the situation? Also, how do you think he felt after the noise subsided and the backpack issue was resolved?
<< User >>: He probably felt relieved after the backpack was moved, but the issue with the noise continued and it probably bothered him
------Compariser------
Concluser: In this scenario, several elements were challenging for Max:

1. **Spatial Intrusion**: Max felt uncomfortable when Alex's backpack invaded his personal space. For individuals with autism, personal space and physical boundaries can be particularly important, and any intrusion may cause discomfort or stress.

2. **Initiating Communication**: Addressing the issue with Alex required Max to initiate a conversation, which can be challenging. Many autistic individuals find initiating communication and asserting their needs in social settings to be difficult due to challenges with social communication and interaction.

3. **Sensory Sensitivity**: Max's reaction to the noise from another passenger, Sam, suggests he might be sensitive to loud sounds, a common trait among those on the autism spectrum. This sensory overload can make public environments like a bus ride stressful.

4. **Social Interaction**: Max attempted to engage in small talk by commenting on the noise, which shows an effort to connect socially. However, this could also be seen as a challenge, as interpreting and participating in casual conversation requires understanding social cues and norms that might not be intuitive.

Max felt a sense of relief and comfort after addressing the space issue with Alex, indicated by his grateful response and subsequent focus out of the window. His brief interaction with Alex may have helped him feel more at ease in that moment, overcoming the initial discomfort he experienced due to the spatial intrusion and noisy environment.
<< Assistant >>: It sounds like you've noticed how Max felt relieved when the backpack issue was resolved, which is great observation! You've also mentioned that the noise continued to be a problem for him, which is an important part of understanding Max's experience. 

Max might have been trying to cope with the noise by focusing out of the window and attempting to engage in small talk. This can be quite challenging because noises can really overwhelm someone who is sensitive to sounds. 

Do you think initiating the conversation about the noise helped Max in any way, or was it still mostly uncomfortable for him? Can you think of any ways Max could manage the noise or bring it up with others around him? These details can help us explore more about how Max handles such situations.
<< User >>: He should have told Sam to turn off his phone
------Extractor------
Identified problem; Navigating Negotiations and Conflicts
 << Assistant >>: OK, I understand that. Maybe we would try to work on this imaginary situation.

In the kitchen, Alex and Jamie are making a snack. They both reach for the last apple. 

Alex says, "Let's split it. Half for you, half for me?" Jamie nods, slicing the apple. 

In the living room, Sam is choosing a game to play. Taylor suggests a board game, but Sam prefers a card game. 

Sam proposes, "How about we play your choice this time, and next time we play mine?" Taylor agrees with a smile.

As they set up the board game, Alex and Jamie join them, sharing the apple slices.

Please describe what [Alex] felt and what was difficult for them.

