<< User >>: I was with collegues in the park. Amy said she is was prepared to the exam (she failed it). She and everyone else laughed but it didnt seemed funny
------Extractor------
Identified problem; Interpreting Social Cues
 << Assistant >>: OK, I understand that. Maybe we would try to work on this imaginary situation.

Tom sits next to Emily in the school cafeteria. They both have their lunches out. Tom notices Emily has a new superhero-themed lunchbox.

Tom: "Hey, that's a cool lunchbox. Is that the new Super Defenders one?"

Emily looks up from her sandwich, smiling. "Yeah, it just came out! I love Hero Girl, she’s my favorite."

Tom nods and smiles back. "Hero Girl is awesome! What's your favorite episode?"

Emily's smile grows wider. She starts talking about an episode where Hero Racer teams up with Hero Girl to defeat Lord Chaos. Tom listens intently, nodding and asking questions about parts he doesn’t remember well.

As their conversation continues, more students join the table, but Tom and Emily continue discussing different episodes and their favorite scenes. Tom feels connected and happy as he talks about his shared interest with Emily.

Please describe what [Tom] felt and what was difficult for them.

<< User >>: Tom felt happy about bonding over a common interest with Emily, he didn't have any difficulties with the conversation
------Compariser------
Concluser: Tom experienced difficulty in remembering the specifics of the episodes during his conversation with Emily, which might have made him feel anxious or uncertain, particularly about keeping the conversation fluid and engaging. Despite his interest in the topic, the challenge of recalling detailed information could have caused him some stress.

However, Tom felt happy and connected while discussing a shared interest with Emily. This common ground likely provided him comfort and joy, helping to counterbalance the difficulties he faced with memory recall during their interaction. His ability to engage in a conversation about a topic he is passionate about would have been a positive experience for him.
<< Assistant >>: It sounds like you recognized that Tom felt happy and connected while discussing a shared interest with Emily. That’s a great observation! However, there seems to be a difference in understanding the challenges Tom faced. While he did feel happy, he also experienced some difficulties with remembering the specifics of the episodes they were talking about, which might have made him feel a bit anxious or uncertain about keeping the conversation flowing smoothly. Remembering a lot of details during a conversation can sometimes be tough, and it’s okay to acknowledge that too. How do you think these challenges might affect someone in a conversation?
<< User >>: It may make them act like they remember even though they don't
------Compariser------
Concluser: In this scenario, Tom found it hard to keep up with the fast-shifting dynamics of the group conversation as more students joined the table. This could have made it difficult for him to follow the ebb and flow of group interactions, track multiple speakers, or feel pressure to respond promptly in a lively, group setting.

Tom felt happy and connected while discussing a shared interest with Emily, which likely made him feel more confident and engaged. The direct and focused interaction with Emily on a topic he was passionate about helped mitigate some of the social challenges he might typically face in a bustling environment like a school cafeteria.
<< Assistant >>: It sounds like you're suggesting that in some situations, individuals might pretend to understand or remember details of a conversation when they actually don’t. This could be because they want to fit in or feel pressured in social settings. Is that how you feel sometimes, or would you like to share more about what made you think of this?
<< User >>: Yes, I sometimes act like that - I pretend that something is not a surprise, even though it is.
------Compariser------
Concluser: Tom felt connected and happy as he engaged in conversation with Emily about their shared interest in the superhero series. This joy in sharing his enthusiasm for "Hero Girl" and being able to discuss different episodes was a positive experience for him. 

What was hard for Tom, however, might have been adjusting when more students joined the table. For high-functioning autistic adolescents, changes in social dynamics, such as the sudden increase in group size, can be challenging. This scenario could lead to feelings of discomfort or anxiety as the predictable one-on-one interaction shifted to a potentially less structured and noisier group setting. Tom might have struggled internally with sensory overload or with maintaining the same level of engagement and comfort he felt while talking just with Emily. Despite these difficulties, Tom managed to stay focused and continue enjoying the conversation about the superhero series.
<< Assistant >>: It sounds like you're mentioning how you handle surprises in social settings, similar to what Tom experienced. When Tom was talking to Emily and more students joined, which was unexpected, it might have been a bit overwhelming for him. Do you feel the same way when there are sudden changes like that in your group size or the social situation? How do you usually react internally during such surprises?
<< User >>: I want people to perceive me as intelligent and someone that knows a lot and can't be suprised.
------Extractor------
Identified problem; Self-Advocacy and Assertiveness
 << Assistant >>: OK, I understand that. Maybe we would try to work on this imaginary situation.

Alex is walking down the busy street when Sam bumps into him accidentally. Sam turns around and says, “Oh, sorry about that!”

Alex pauses, takes a deep breath, and responds, “It’s okay, but please be more careful next to people. Thanks for the apology, though!”

Sam nods, “Definitely will, thanks for letting me know.”

They both smile and continue walking in their separate directions. Another passerby, Jamie, who saw the interaction, gives Alex a thumbs up before moving on.

Please describe what Alex felt and what was difficult for them.

<< User >>: Alex was probably angry at Sam for being so careless, but he kept hs cool
------Compariser------
Concluser: Alex likely felt a mixture of discomfort and anxiety when Sam bumped into him due to the unexpected physical contact, which can be overwhelming for some autistic individuals. He also might have felt a moment of stress about how to appropriately respond in a social interaction that was sudden and unexpected.

The difficulty for Alex in this situation was managing his sensory sensitivity triggered by the physical bump and simultaneously navigating the social expectations for responding politely and assertively. Expressing his feelings and setting boundaries ("but please be more careful next to people") in a calm and constructive way was a challenge, but he managed to do so effectively.
<< Assistant >>: It seems like you focused on Alex feeling angry when Sam bumped into him. You mentioned that he kept his cool, which aligns with the idea that Alex managed the situation effectively. However, it's also important to consider that Alex might have felt not just anger but also discomfort and anxiety due to the unexpected touch, which can be quite overwhelming. Additionally, dealing with these feelings while trying to respond politely in a confusing situation can be quite challenging. 

Do you think that understanding the mix of anxiety and discomfort, along with the anger you described, can help see why Alex reacted the way he did? How do you think you might react in a similar situation?
