<< User >>: Czeœæ, mam wra¿enie ¿e wszyscy w mojej szkole trzymaj¹ siê razem w grupkach, a ja nie nale¿ê do ¿adnej z nich
------Conversationalist------
<< Assistant >>: Czeœæ! Rozumiem, ¿e mo¿e to byæ trudne, kiedy czujesz siê jak outsider w szkole. Mo¿emy spróbowaæ razem przeæwiczyæ ró¿ne sposoby nawi¹zywania kontaku z innymi. Czy s¹ jakieœ konkretne sytuacje w szkole, gdzie najbardziej chcia³byœ siê wpasowaæ, ale nie wiesz jak?
<< User >>: Chêtnie nawi¹za³abym wiêcej kontaktów z innymi. Jeœli chodzi o sytuacje to na przyk³ad na przerwach wszyscy od razu podchodz¹ do siebie w tych grupkach i rozmawiaj¹, a ja nie wiem do kogo do³¹czyæ i jak
------Conversationalist------
<< Assistant >>: Rozumiem, ¿e przerwy w szkole mog¹ byæ trudnym momentem, zw³aszcza gdy widzisz, jak inni ³atwo nawi¹zuj¹ ze sob¹ rozmowy. Mo¿emy spróbowaæ przygotowaæ kilka strategii, które pomog¹ Ci do³¹czyæ do grupy.

1. **Obserwacja i wybór grupy**: Na pocz¹tku mo¿e warto poœwiêciæ kilka przerw na obserwacjê ró¿nych grup. Zwróæ uwagê, które z nich wydaj¹ siê byæ otwarte i przyjazne. Mo¿esz te¿ poszukaæ grupy, która rozmawia o tematach, które Ciê interesuj¹.

2. **Pocz¹tkowe podejœcie**: Gdy ju¿ wybierzesz grupê, mo¿esz podejœæ trochê bli¿ej i pos³uchaæ, co mówi¹. Nie musisz od razu w³¹czaæ siê do rozmowy. Mo¿esz staæ obok i s³uchaæ, byæ mo¿e uœmiechn¹æ siê, pokazuj¹c, ¿e jesteœ zainteresowany tematem.

3. **W³¹czanie siê do rozmowy**: Jeœli poczujesz siê pewniej, mo¿esz spróbowaæ zadaæ pytanie zwi¹zane z rozmawianym tematem lub delikatnie wyraziæ swoj¹ opiniê. Na przyk³ad, jeœli rozmawiaj¹ o filmie, który widzia³eœ, mo¿esz powiedzieæ coœ w stylu: „O, te¿ widzia³em ten film! Podoba³ mi siê, zw³aszcza scena... Co wy o tym myœlicie?”

4. **Budowanie kreacji**: Gdy ju¿ kilka razy podejdziesz do tej samej grupy, uczestnicy zaczn¹ Ciê rozpoznawaæ i byæ mo¿e sami zaczn¹ inicjowaæ rozmowy z Tob¹.

Pamiêtaj, ¿e ka¿dy czuje siê czasem niepewnie, zw³aszcza próbuj¹c nawi¹zaæ nowe kontakty. To zupe³nie normalne. Kluczowe jest, abyœ nie zra¿a³ siê ewentualnymi pocz¹tkowymi trudnoœciami. Czy chcia³byœ, abym pomóg³ Ci przeæwiczyæ jakieœ z tych podejœæ?
<< User >>: Chêtnie przeæwiczê wybór grupy do której powinnam spróbowaæ do³¹czyæ
------Conversationalist------
<< Assistant >>: To œwietnie! Wybór odpowiedniej grupy to bardzo wa¿ny krok. Zacznijmy od obserwacji grup, które widzisz w szkole podczas przerw. 

Pomyœlmy razem: 
1. **Interesy**: Czy widzisz grupy, które rozmawiaj¹ o rzeczach, które Ciê interesuj¹? Mo¿e to byæ na przyk³ad muzyka, ksi¹¿ki, gry komputerowe lub jakieœ hobby, które lubisz.
2. **Atmosfera**: Które grupy wydaj¹ siê byæ bardziej otwarte i przyjazne? Zwróæ uwagê na to, jak uczestnicy rozmawiaj¹ miêdzy sob¹. Czy jest to grupa, która czêsto siê œmieje? A mo¿e bardziej powa¿nie dyskutuje na ró¿ne tematy?
3. **Dostêpnoœæ**: Czy jest to grupa, która czêsto przyjmuje nowe osoby, czy raczej trzyma siê razem i nie do³¹czaj¹ do niej nowi ludzie? 

Kiedy ju¿ zauwa¿ysz grupê, która najbardziej odpowiada Twoim zainteresowaniom i wydaje siê byæ otwarta, mo¿emy przeæwiczyæ, jak móg³byœ do niej podejœæ i zacz¹æ rozmowê. Jakie grupy najbardziej przyci¹gaj¹ Twoj¹ uwagê?
<< User >>: Jest grupa ch³opaków którzy zwykle rozmawiaj¹ o grach video, grupa 2 ch³opaków i 1 dziewczyny którzy graj¹ razem w D&D, grupa dziewczyn które zwykle rozmawiaj¹ o szkole i zadaniach i grupa dziewczyn która zwykle rozmawia o programach telewizyjnych albo celebrytach.
------Conversationalist------
<< Assistant >>: Dziêkujê za podzielenie siê tymi informacjami. Teraz pomyœlmy, która z tych grup mog³aby byæ dla Ciebie najlepsza do do³¹czenia.

1. **Grupa ch³opaków rozmawiaj¹cych o grach video**: Jeœli interesujesz siê grami, to mo¿e byæ œwietna opcja. Plus, rozmowa na temat gier mo¿e byæ mniej stresuj¹ca, poniewa¿ masz okreœlony temat do dyskusji.

2. **Grupa dwóch ch³opaków i dziewczyny graj¹cej w D&D (Dungeons & Dragons)**: Jeœli lubisz gry fabularne, to do³¹czenie do nich mo¿e byæ bardzo interesuj¹ce. Gry tego typu czêsto wymagaj¹ kreatywnoœci i wspó³pracy, co mo¿e pomóc w budowaniu relacji.

3. **Grupa dziewczyn rozmawiaj¹cych o szkole i zadaniach**: Jeœli czujesz siê pewniej rozmawiaj¹c o tematach szkolnych, to mo¿e byæ Twoje naturalne œrodowisko. Mo¿e to byæ te¿ dobry sposób na naukê i wymianê informacji o lekcjach.

4. **Grupa dziewczyn rozmawiaj¹cych o programach telewizyjnych i celebrytach**: Jeœli œledzisz najnowsze wiadomoœci z showbiznesu, to do³¹czenie do tej grupy mo¿e byæ ³atwiejsze, poniewa¿ bêdziesz mia³ wiedzê, któr¹ mo¿esz podzieliæ.

Która z tych grup najbardziej Ciê interesuje? Mo¿e któraœ z nich wydaje siê byæ szczególnie przyjazna lub otwarta na nowe osoby?
<< User >>: Nie znam siê na ¿adnym z tych tematów poza szko³¹, ale ona ma³o mnie interesuje. Nigdy nie gra³am w D&D, ale chêtnie bym spróbowa³a
------Conversationalist------
<< Assistant >>: Rozumiem, ¿e tematy szkolne nie s¹ dla Ciebie szczególnie interesuj¹ce, ale cieszê siê, ¿e D&D brzmi dla Ciebie interesuj¹co. Gry fabularne jak D&D mog¹ byæ œwietnym sposobem na nawi¹zanie nowych znajomoœci i rozwijanie umiejêtnoœci storytellingu, wspó³pracy, a tak¿e wyobraŸni. 

Skoro jesteœ otwarta na spróbowanie D&D, moglibyœmy przygotowaæ kilka wstêpnych informacji na ten temat, abyœ czu³a siê bardziej komfortowo podczas pierwszego do³¹czenia do tej grupy. Moglibyœmy równie¿ przeæwiczyæ, jak mo¿esz rozpocz¹æ rozmowê z t¹ grup¹, na przyk³ad pytaj¹c o ich aktualn¹ kampaniê lub jakie postacie maj¹ w grze. Co myœlisz o takim podejœciu? Czy jest coœ konkretnego, co chcia³abyœ wiedzieæ o D&D?
